Build started 9/11/2015 5:17:30 PM.
     1>Project "C:\Users\mousethejeff.DDEATHSTARR\Desktop\Frogger\Files\Frog1\Frog1\Frog1.vcxproj" on node 2 (Build target(s)).
     1>ClCompile:
         C:\Program Files (x86)\Microsoft Visual Studio 12.0\VC\bin\CL.exe /c /I"C:\Users\m\Documents\Code\SDL2-2.0.3\include" /ZI /nologo /W3 /WX- /Od /Oy- /D WIN32 /D _DEBUG /D _CONSOLE /D _UNICODE /D UNICODE /Gm /EHsc /RTC1 /MDd /GS /fp:precise /Zc:wchar_t /Zc:forScope /Fo"Debug\\" /Fd"Debug\vc120.pdb" /Gd /TP /analyze- /errorReport:prompt Frog.cpp Manager.cpp
         Manager.cpp
         Frog.cpp
     1>c:\users\mousethejeff.ddeathstarr\desktop\frogger\files\frog1\frog1\frog.cpp(53): warning C4244: '=' : conversion from 'double' to 'float', possible loss of data
         Generating Code...
       Link:
         C:\Program Files (x86)\Microsoft Visual Studio 12.0\VC\bin\link.exe /ERRORREPORT:PROMPT /OUT:"C:\Users\mousethejeff.DDEATHSTARR\Desktop\Frogger\Files\Frog1\Debug\Frog1.exe" /INCREMENTAL /NOLOGO SDL2.lib SDL2main.lib SDL2_mixer.lib SDL2_ttf.lib kernel32.lib user32.lib gdi32.lib winspool.lib comdlg32.lib advapi32.lib shell32.lib ole32.lib oleaut32.lib uuid.lib odbc32.lib odbccp32.lib /MANIFEST /MANIFESTUAC:"level='asInvoker' uiAccess='false'" /manifest:embed /DEBUG /PDB:"C:\Users\mousethejeff.DDEATHSTARR\Desktop\Frogger\Files\Frog1\Debug\Frog1.pdb" /SUBSYSTEM:CONSOLE /TLBID:1 /DYNAMICBASE /NXCOMPAT /IMPLIB:"C:\Users\mousethejeff.DDEATHSTARR\Desktop\Frogger\Files\Frog1\Debug\Frog1.lib" /MACHINE:X86 Debug\Entity.obj
         Debug\Frog.obj
         Debug\Frog1.obj
         Debug\Game.obj
         Debug\Lane.obj
         Debug\Manager.obj
         Debug\Resources.obj
         Debug\Stage.obj
         Debug\stdafx.obj
         Frog1.vcxproj -> C:\Users\mousethejeff.DDEATHSTARR\Desktop\Frogger\Files\Frog1\Debug\Frog1.exe
     1>Done Building Project "C:\Users\mousethejeff.DDEATHSTARR\Desktop\Frogger\Files\Frog1\Frog1\Frog1.vcxproj" (Build target(s)).

Build succeeded.

Time Elapsed 00:00:03.13
