c:\users\hammackb\onedrive\cop 3503\frogger\frog1\frog1\debug\frog1.obj
c:\users\hammackb\onedrive\cop 3503\frogger\frog1\frog1\debug\stdafx.obj
c:\users\hammackb\onedrive\cop 3503\frogger\frog1\frog1\debug\vc110.pdb
c:\users\hammackb\onedrive\cop 3503\frogger\frog1\frog1\debug\level.obj
c:\users\hammackb\onedrive\cop 3503\frogger\frog1\frog1\debug\entity.obj
c:\users\hammackb\onedrive\cop 3503\frogger\frog1\frog1\debug\game.obj
c:\users\hammackb\onedrive\cop 3503\frogger\frog1\frog1\debug\manager.obj
c:\users\hammackb\onedrive\cop 3503\frogger\frog1\frog1\debug\resources.obj
c:\users\hammackb\onedrive\cop 3503\frogger\frog1\frog1\debug\lane.obj
c:\users\hammackb\onedrive\cop 3503\frogger\frog1\frog1\debug\stage.obj
c:\users\hammackb\onedrive\cop 3503\frogger\frog1\frog1\debug\frog.obj
c:\users\hammackb\onedrive\cop 3503\frogger\frog1\debug\frog1.ilk
c:\users\hammackb\onedrive\cop 3503\frogger\frog1\debug\frog1.exe
c:\users\hammackb\onedrive\cop 3503\frogger\frog1\debug\frog1.pdb
c:\users\m\desktop\frogger\frog1\frog1\debug\vc120.pdb
c:\users\m\desktop\frogger\frog1\frog1\debug\vc120.idb
c:\users\m\desktop\frogger\frog1\frog1\debug\entity.obj
c:\users\m\desktop\frogger\frog1\frog1\debug\frog.obj
c:\users\m\desktop\frogger\frog1\frog1\debug\frog1.obj
c:\users\m\desktop\frogger\frog1\frog1\debug\game.obj
c:\users\m\desktop\frogger\frog1\frog1\debug\lane.obj
c:\users\m\desktop\frogger\frog1\frog1\debug\manager.obj
c:\users\m\desktop\frogger\frog1\frog1\debug\resources.obj
c:\users\m\desktop\frogger\frog1\frog1\debug\stage.obj
c:\users\m\desktop\frogger\frog1\frog1\debug\stdafx.obj
c:\users\m\desktop\frogger\frog1\debug\frog1.ilk
c:\users\m\desktop\frogger\frog1\debug\frog1.exe
c:\users\m\desktop\frogger\frog1\debug\frog1.pdb
c:\users\m\desktop\frogger\frog1\frog1\debug\level.obj
c:\users\m\desktop\frogger\frog1\frog1\debug\cl.command.1.tlog
c:\users\m\desktop\frogger\frog1\frog1\debug\cl.read.1.tlog
c:\users\m\desktop\frogger\frog1\frog1\debug\cl.write.1.tlog
c:\users\m\desktop\frogger\frog1\frog1\debug\link-cvtres.read.1.tlog
c:\users\m\desktop\frogger\frog1\frog1\debug\link-cvtres.write.1.tlog
c:\users\m\desktop\frogger\frog1\frog1\debug\link-rc.read.1.tlog
c:\users\m\desktop\frogger\frog1\frog1\debug\link-rc.write.1.tlog
c:\users\m\desktop\frogger\frog1\frog1\debug\link.1000-cvtres.read.1.tlog
c:\users\m\desktop\frogger\frog1\frog1\debug\link.1000-cvtres.write.1.tlog
c:\users\m\desktop\frogger\frog1\frog1\debug\link.1000-rc.read.1.tlog
c:\users\m\desktop\frogger\frog1\frog1\debug\link.1000-rc.write.1.tlog
c:\users\m\desktop\frogger\frog1\frog1\debug\link.1000.read.1.tlog
c:\users\m\desktop\frogger\frog1\frog1\debug\link.1000.write.1.tlog
c:\users\m\desktop\frogger\frog1\frog1\debug\link.1260-cvtres.read.1.tlog
c:\users\m\desktop\frogger\frog1\frog1\debug\link.1260-cvtres.write.1.tlog
c:\users\m\desktop\frogger\frog1\frog1\debug\link.1260-rc.read.1.tlog
c:\users\m\desktop\frogger\frog1\frog1\debug\link.1260-rc.write.1.tlog
c:\users\m\desktop\frogger\frog1\frog1\debug\link.1260.read.1.tlog
c:\users\m\desktop\frogger\frog1\frog1\debug\link.1260.write.1.tlog
c:\users\m\desktop\frogger\frog1\frog1\debug\link.2340-cvtres.read.1.tlog
c:\users\m\desktop\frogger\frog1\frog1\debug\link.2340-cvtres.write.1.tlog
c:\users\m\desktop\frogger\frog1\frog1\debug\link.2340-rc.read.1.tlog
c:\users\m\desktop\frogger\frog1\frog1\debug\link.2340-rc.write.1.tlog
c:\users\m\desktop\frogger\frog1\frog1\debug\link.2340.read.1.tlog
c:\users\m\desktop\frogger\frog1\frog1\debug\link.2340.write.1.tlog
c:\users\m\desktop\frogger\frog1\frog1\debug\link.2408-cvtres.read.1.tlog
c:\users\m\desktop\frogger\frog1\frog1\debug\link.2408-cvtres.write.1.tlog
c:\users\m\desktop\frogger\frog1\frog1\debug\link.2408-rc.read.1.tlog
c:\users\m\desktop\frogger\frog1\frog1\debug\link.2408-rc.write.1.tlog
c:\users\m\desktop\frogger\frog1\frog1\debug\link.2408.read.1.tlog
c:\users\m\desktop\frogger\frog1\frog1\debug\link.2408.write.1.tlog
c:\users\m\desktop\frogger\frog1\frog1\debug\link.2436-cvtres.read.1.tlog
c:\users\m\desktop\frogger\frog1\frog1\debug\link.2436-cvtres.write.1.tlog
c:\users\m\desktop\frogger\frog1\frog1\debug\link.2436-rc.read.1.tlog
c:\users\m\desktop\frogger\frog1\frog1\debug\link.2436-rc.write.1.tlog
c:\users\m\desktop\frogger\frog1\frog1\debug\link.2436.read.1.tlog
c:\users\m\desktop\frogger\frog1\frog1\debug\link.2436.write.1.tlog
c:\users\m\desktop\frogger\frog1\frog1\debug\link.3720-cvtres.read.1.tlog
c:\users\m\desktop\frogger\frog1\frog1\debug\link.3720-cvtres.write.1.tlog
c:\users\m\desktop\frogger\frog1\frog1\debug\link.3720-rc.read.1.tlog
c:\users\m\desktop\frogger\frog1\frog1\debug\link.3720-rc.write.1.tlog
c:\users\m\desktop\frogger\frog1\frog1\debug\link.3720.read.1.tlog
c:\users\m\desktop\frogger\frog1\frog1\debug\link.3720.write.1.tlog
c:\users\m\desktop\frogger\frog1\frog1\debug\link.5172-cvtres.read.1.tlog
c:\users\m\desktop\frogger\frog1\frog1\debug\link.5172-cvtres.write.1.tlog
c:\users\m\desktop\frogger\frog1\frog1\debug\link.5172-rc.read.1.tlog
c:\users\m\desktop\frogger\frog1\frog1\debug\link.5172-rc.write.1.tlog
c:\users\m\desktop\frogger\frog1\frog1\debug\link.5172.read.1.tlog
c:\users\m\desktop\frogger\frog1\frog1\debug\link.5172.write.1.tlog
c:\users\m\desktop\frogger\frog1\frog1\debug\link.5176-cvtres.read.1.tlog
c:\users\m\desktop\frogger\frog1\frog1\debug\link.5176-cvtres.write.1.tlog
c:\users\m\desktop\frogger\frog1\frog1\debug\link.5176-rc.read.1.tlog
c:\users\m\desktop\frogger\frog1\frog1\debug\link.5176-rc.write.1.tlog
c:\users\m\desktop\frogger\frog1\frog1\debug\link.5176.read.1.tlog
c:\users\m\desktop\frogger\frog1\frog1\debug\link.5176.write.1.tlog
c:\users\m\desktop\frogger\frog1\frog1\debug\link.5260-cvtres.read.1.tlog
c:\users\m\desktop\frogger\frog1\frog1\debug\link.5260-cvtres.write.1.tlog
c:\users\m\desktop\frogger\frog1\frog1\debug\link.5260-rc.read.1.tlog
c:\users\m\desktop\frogger\frog1\frog1\debug\link.5260-rc.write.1.tlog
c:\users\m\desktop\frogger\frog1\frog1\debug\link.5260.read.1.tlog
c:\users\m\desktop\frogger\frog1\frog1\debug\link.5260.write.1.tlog
c:\users\m\desktop\frogger\frog1\frog1\debug\link.5652-cvtres.read.1.tlog
c:\users\m\desktop\frogger\frog1\frog1\debug\link.5652-cvtres.write.1.tlog
c:\users\m\desktop\frogger\frog1\frog1\debug\link.5652-rc.read.1.tlog
c:\users\m\desktop\frogger\frog1\frog1\debug\link.5652-rc.write.1.tlog
c:\users\m\desktop\frogger\frog1\frog1\debug\link.5652.read.1.tlog
c:\users\m\desktop\frogger\frog1\frog1\debug\link.5652.write.1.tlog
c:\users\m\desktop\frogger\frog1\frog1\debug\link.5808-cvtres.read.1.tlog
c:\users\m\desktop\frogger\frog1\frog1\debug\link.5808-cvtres.write.1.tlog
c:\users\m\desktop\frogger\frog1\frog1\debug\link.5808-rc.read.1.tlog
c:\users\m\desktop\frogger\frog1\frog1\debug\link.5808-rc.write.1.tlog
c:\users\m\desktop\frogger\frog1\frog1\debug\link.5808.read.1.tlog
c:\users\m\desktop\frogger\frog1\frog1\debug\link.5808.write.1.tlog
c:\users\m\desktop\frogger\frog1\frog1\debug\link.6392-cvtres.read.1.tlog
c:\users\m\desktop\frogger\frog1\frog1\debug\link.6392-cvtres.write.1.tlog
c:\users\m\desktop\frogger\frog1\frog1\debug\link.6392-rc.read.1.tlog
c:\users\m\desktop\frogger\frog1\frog1\debug\link.6392-rc.write.1.tlog
c:\users\m\desktop\frogger\frog1\frog1\debug\link.6392.read.1.tlog
c:\users\m\desktop\frogger\frog1\frog1\debug\link.6392.write.1.tlog
c:\users\m\desktop\frogger\frog1\frog1\debug\link.644-cvtres.read.1.tlog
c:\users\m\desktop\frogger\frog1\frog1\debug\link.644-cvtres.write.1.tlog
c:\users\m\desktop\frogger\frog1\frog1\debug\link.644-rc.read.1.tlog
c:\users\m\desktop\frogger\frog1\frog1\debug\link.644-rc.write.1.tlog
c:\users\m\desktop\frogger\frog1\frog1\debug\link.644.read.1.tlog
c:\users\m\desktop\frogger\frog1\frog1\debug\link.644.write.1.tlog
c:\users\m\desktop\frogger\frog1\frog1\debug\link.6700-cvtres.read.1.tlog
c:\users\m\desktop\frogger\frog1\frog1\debug\link.6700-cvtres.write.1.tlog
c:\users\m\desktop\frogger\frog1\frog1\debug\link.6700-rc.read.1.tlog
c:\users\m\desktop\frogger\frog1\frog1\debug\link.6700-rc.write.1.tlog
c:\users\m\desktop\frogger\frog1\frog1\debug\link.6700.read.1.tlog
c:\users\m\desktop\frogger\frog1\frog1\debug\link.6700.write.1.tlog
c:\users\m\desktop\frogger\frog1\frog1\debug\link.command.1.tlog
c:\users\m\desktop\frogger\frog1\frog1\debug\link.read.1.tlog
c:\users\m\desktop\frogger\frog1\frog1\debug\link.write.1.tlog
c:\users\m\desktop\frogger\frog1\frog1\debug\vc110.idb
c:\users\m\desktop\frogger\frog1\frog1\debug\vc110.pdb
c:\users\m\desktop\frogger\frog1\frog1\debug\frog1.tlog\cl.command.1.tlog
c:\users\m\desktop\frogger\frog1\frog1\debug\frog1.tlog\cl.read.1.tlog
c:\users\m\desktop\frogger\frog1\frog1\debug\frog1.tlog\cl.write.1.tlog
c:\users\m\desktop\frogger\frog1\frog1\debug\frog1.tlog\link.command.1.tlog
c:\users\m\desktop\frogger\frog1\frog1\debug\frog1.tlog\link.read.1.tlog
c:\users\m\desktop\frogger\frog1\frog1\debug\frog1.tlog\link.write.1.tlog
